2018-02-11 11:13:11,804 [Worker-20] INFO  o.e.m.c.i.l.LifecycleMappingFactory - Using org.eclipse.m2e.jdt.JarLifecycleMapping lifecycle mapping for MavenProject: com.yijia360:pay-entity:1.0 @ C:\Users\win10\Desktop\新建文件夹\payment\pay-entity\pom.xml.
2018-02-11 11:13:12,902 [Worker-20] INFO  o.e.m.c.i.embedder.EclipseLogger - Using 'UTF-8' encoding to copy filtered resources.
2018-02-11 11:13:12,905 [Worker-20] INFO  o.e.m.c.i.embedder.EclipseLogger - Copying 0 resource
2018-02-11 11:13:12,906 [Worker-20] INFO  o.e.m.c.i.embedder.EclipseLogger - Copying 0 resource
2018-02-11 11:13:12,908 [Worker-20] INFO  o.e.m.c.i.embedder.EclipseLogger - Using 'UTF-8' encoding to copy filtered resources.
2018-02-11 11:13:12,908 [Worker-20] INFO  o.e.m.c.i.embedder.EclipseLogger - Copying 0 resource
2018-02-11 11:13:13,790 [Worker-20] INFO  o.e.m.c.i.l.LifecycleMappingFactory - Using org.eclipse.m2e.jdt.JarLifecycleMapping lifecycle mapping for MavenProject: com.yijia360:pay-utils:1.0 @ C:\Users\win10\Desktop\新建文件夹\payment\pay-utils\pom.xml.
2018-02-11 11:13:14,621 [Worker-20] INFO  o.e.m.c.i.embedder.EclipseLogger - Using 'UTF-8' encoding to copy filtered resources.
2018-02-11 11:13:14,622 [Worker-20] INFO  o.e.m.c.i.embedder.EclipseLogger - Copying 0 resource
2018-02-11 11:13:14,622 [Worker-20] INFO  o.e.m.c.i.embedder.EclipseLogger - Copying 0 resource
2018-02-11 11:13:14,623 [Worker-20] INFO  o.e.m.c.i.embedder.EclipseLogger - Using 'UTF-8' encoding to copy filtered resources.
2018-02-11 11:13:14,623 [Worker-20] INFO  o.e.m.c.i.embedder.EclipseLogger - Copying 0 resource
2018-02-11 11:13:15,486 [Worker-20] INFO  o.e.m.c.i.l.LifecycleMappingFactory - Using org.eclipse.m2e.jdt.JarLifecycleMapping lifecycle mapping for MavenProject: com.yijia360:pay-core:1.0 @ C:\Users\win10\Desktop\新建文件夹\payment\pay-core\pom.xml.
2018-02-11 11:13:16,044 [Worker-20] INFO  o.e.m.c.i.embedder.EclipseLogger - Using 'UTF-8' encoding to copy filtered resources.
2018-02-11 11:13:16,044 [Worker-20] INFO  o.e.m.c.i.embedder.EclipseLogger - Copying 0 resource
2018-02-11 11:13:16,045 [Worker-20] INFO  o.e.m.c.i.embedder.EclipseLogger - Copying 5 resources
2018-02-11 11:13:16,073 [Worker-20] INFO  o.e.m.c.i.embedder.EclipseLogger - Using 'UTF-8' encoding to copy filtered resources.
2018-02-11 11:13:16,073 [Worker-20] INFO  o.e.m.c.i.embedder.EclipseLogger - Copying 0 resource
2018-02-11 11:13:16,512 [Worker-20] INFO  o.e.m.c.i.l.LifecycleMappingFactory - Using org.eclipse.m2e.jdt.JarLifecycleMapping lifecycle mapping for MavenProject: com.yijia360:pay-api:1.0 @ C:\Users\win10\Desktop\新建文件夹\payment\pay-api\pom.xml.
2018-02-11 11:13:16,940 [Worker-20] INFO  o.e.m.c.i.embedder.EclipseLogger - Using 'UTF-8' encoding to copy filtered resources.
2018-02-11 11:13:16,944 [Worker-20] INFO  o.e.m.c.i.embedder.EclipseLogger - Copying 4 resources
2018-02-11 11:13:16,973 [Worker-20] INFO  o.e.m.c.i.embedder.EclipseLogger - Copying 1 resource
2018-02-11 11:13:16,982 [Worker-20] INFO  o.e.m.c.i.embedder.EclipseLogger - Using 'UTF-8' encoding to copy filtered resources.
2018-02-11 11:13:16,982 [Worker-20] INFO  o.e.m.c.i.embedder.EclipseLogger - Copying 0 resource
2018-02-11 11:13:17,226 [Worker-20] INFO  o.e.m.c.i.l.LifecycleMappingFactory - Using org.eclipse.m2e.jdt.JarLifecycleMapping lifecycle mapping for MavenProject: com.yijia360:pay-admin:1.0 @ C:\Users\win10\Desktop\新建文件夹\payment\pay-admin\pom.xml.
2018-02-11 11:13:17,440 [Worker-20] WARN  o.e.m.c.i.embedder.EclipseLogger - The POM for com.yijia360:authorization-entity:jar:1.0 is missing, no dependency information available
2018-02-11 11:13:17,581 [Worker-20] INFO  o.e.m.c.i.embedder.EclipseLogger - Using 'UTF-8' encoding to copy filtered resources.
2018-02-11 11:13:17,582 [Worker-20] INFO  o.e.m.c.i.embedder.EclipseLogger - Copying 5 resources
2018-02-11 11:13:17,608 [Worker-20] INFO  o.e.m.c.i.embedder.EclipseLogger - Copying 142 resources
2018-02-11 11:13:17,621 [Worker-20] INFO  o.e.m.c.i.embedder.EclipseLogger - Using 'UTF-8' encoding to copy filtered resources.
2018-02-11 11:13:17,622 [Worker-20] INFO  o.e.m.c.i.embedder.EclipseLogger - Copying 0 resource
2018-02-11 11:13:19,060 [Worker-8] INFO  o.e.m.c.i.l.LifecycleMappingFactory - Using org.eclipse.m2e.jdt.JarLifecycleMapping lifecycle mapping for MavenProject: com.yijia360:pay-admin:1.0 @ C:\Users\win10\Desktop\新建文件夹\payment\pay-admin\pom.xml.
2018-02-11 11:13:19,288 [Worker-8] WARN  o.e.m.c.i.embedder.EclipseLogger - The POM for com.yijia360:authorization-entity:jar:1.0 is missing, no dependency information available
2018-02-11 11:13:19,463 [Worker-8] INFO  o.e.m.c.i.l.LifecycleMappingFactory - Using org.eclipse.m2e.jdt.JarLifecycleMapping lifecycle mapping for MavenProject: com.yijia360:pay-api:1.0 @ C:\Users\win10\Desktop\新建文件夹\payment\pay-api\pom.xml.
2018-02-11 11:13:19,636 [Worker-8] INFO  o.e.m.c.i.l.LifecycleMappingFactory - Using org.eclipse.m2e.jdt.JarLifecycleMapping lifecycle mapping for MavenProject: com.yijia360:pay-core:1.0 @ C:\Users\win10\Desktop\新建文件夹\payment\pay-core\pom.xml.
2018-02-11 11:13:19,806 [Worker-8] INFO  o.e.m.c.i.l.LifecycleMappingFactory - Using org.eclipse.m2e.jdt.JarLifecycleMapping lifecycle mapping for MavenProject: com.yijia360:pay-entity:1.0 @ C:\Users\win10\Desktop\新建文件夹\payment\pay-entity\pom.xml.
2018-02-11 11:13:19,991 [Worker-8] INFO  o.e.m.c.i.l.LifecycleMappingFactory - Using org.eclipse.m2e.jdt.JarLifecycleMapping lifecycle mapping for MavenProject: com.yijia360:pay-utils:1.0 @ C:\Users\win10\Desktop\新建文件夹\payment\pay-utils\pom.xml.
2018-02-11 11:13:21,755 [Worker-13] INFO  o.e.m.c.i.embedder.EclipseLogger - Using 'UTF-8' encoding to copy filtered resources.
2018-02-11 11:13:21,759 [Worker-13] INFO  o.e.m.c.i.embedder.EclipseLogger - Copying 0 resource
2018-02-11 11:13:21,762 [Worker-13] INFO  o.e.m.c.i.embedder.EclipseLogger - Copying 0 resource
2018-02-11 11:13:21,767 [Worker-13] INFO  o.e.m.c.i.embedder.EclipseLogger - Using 'UTF-8' encoding to copy filtered resources.
2018-02-11 11:13:21,767 [Worker-13] INFO  o.e.m.c.i.embedder.EclipseLogger - Copying 0 resource
2018-02-11 11:13:22,109 [Worker-13] INFO  o.e.m.c.i.embedder.EclipseLogger - Using 'UTF-8' encoding to copy filtered resources.
2018-02-11 11:13:22,109 [Worker-13] INFO  o.e.m.c.i.embedder.EclipseLogger - Copying 0 resource
2018-02-11 11:13:22,113 [Worker-13] INFO  o.e.m.c.i.embedder.EclipseLogger - Copying 0 resource
2018-02-11 11:13:22,114 [Worker-13] INFO  o.e.m.c.i.embedder.EclipseLogger - Using 'UTF-8' encoding to copy filtered resources.
2018-02-11 11:13:22,115 [Worker-13] INFO  o.e.m.c.i.embedder.EclipseLogger - Copying 0 resource
2018-02-11 11:13:22,466 [Worker-13] INFO  o.e.m.c.i.embedder.EclipseLogger - Using 'UTF-8' encoding to copy filtered resources.
2018-02-11 11:13:22,470 [Worker-13] INFO  o.e.m.c.i.embedder.EclipseLogger - Copying 0 resource
2018-02-11 11:13:22,470 [Worker-13] INFO  o.e.m.c.i.embedder.EclipseLogger - Copying 0 resource
2018-02-11 11:13:22,472 [Worker-13] INFO  o.e.m.c.i.embedder.EclipseLogger - Using 'UTF-8' encoding to copy filtered resources.
2018-02-11 11:13:22,472 [Worker-13] INFO  o.e.m.c.i.embedder.EclipseLogger - Copying 0 resource
2018-02-11 11:13:22,800 [Worker-13] INFO  o.e.m.c.i.embedder.EclipseLogger - Using 'UTF-8' encoding to copy filtered resources.
2018-02-11 11:13:22,800 [Worker-13] INFO  o.e.m.c.i.embedder.EclipseLogger - Copying 0 resource
2018-02-11 11:13:22,800 [Worker-13] INFO  o.e.m.c.i.embedder.EclipseLogger - Copying 0 resource
2018-02-11 11:13:22,801 [Worker-13] INFO  o.e.m.c.i.embedder.EclipseLogger - Using 'UTF-8' encoding to copy filtered resources.
2018-02-11 11:13:22,804 [Worker-13] INFO  o.e.m.c.i.embedder.EclipseLogger - Copying 0 resource
2018-02-11 11:13:23,151 [Worker-13] WARN  o.e.m.c.i.embedder.EclipseLogger - The POM for com.yijia360:authorization-entity:jar:1.0 is missing, no dependency information available
2018-02-11 11:13:23,212 [Worker-13] INFO  o.e.m.c.i.embedder.EclipseLogger - Using 'UTF-8' encoding to copy filtered resources.
2018-02-11 11:13:23,213 [Worker-13] INFO  o.e.m.c.i.embedder.EclipseLogger - Copying 0 resource
2018-02-11 11:13:23,213 [Worker-13] INFO  o.e.m.c.i.embedder.EclipseLogger - Copying 0 resource
2018-02-11 11:13:23,214 [Worker-13] INFO  o.e.m.c.i.embedder.EclipseLogger - Using 'UTF-8' encoding to copy filtered resources.
2018-02-11 11:13:23,215 [Worker-13] INFO  o.e.m.c.i.embedder.EclipseLogger - Copying 0 resource
2018-02-11 11:14:32,870 [Worker-6] INFO  o.e.m.c.i.p.ProjectConfigurationManager - Update started
2018-02-11 11:14:33,457 [Worker-6] INFO  o.e.m.c.i.l.LifecycleMappingFactory - Using org.eclipse.m2e.jdt.JarLifecycleMapping lifecycle mapping for MavenProject: com.yijia360:pay-admin:1.0 @ C:\Users\win10\Desktop\新建文件夹\payment\pay-admin\pom.xml.
2018-02-11 11:14:33,633 [Worker-6] WARN  o.e.m.c.i.embedder.EclipseLogger - The POM for com.yijia360:authorization-entity:jar:1.0 is missing, no dependency information available
2018-02-11 11:14:33,789 [Worker-6] INFO  o.e.m.c.i.l.LifecycleMappingFactory - Using org.eclipse.m2e.jdt.JarLifecycleMapping lifecycle mapping for MavenProject: com.yijia360:pay-api:1.0 @ C:\Users\win10\Desktop\新建文件夹\payment\pay-api\pom.xml.
2018-02-11 11:14:33,939 [Worker-6] INFO  o.e.m.c.i.l.LifecycleMappingFactory - Using org.eclipse.m2e.jdt.JarLifecycleMapping lifecycle mapping for MavenProject: com.yijia360:pay-core:1.0 @ C:\Users\win10\Desktop\新建文件夹\payment\pay-core\pom.xml.
2018-02-11 11:14:34,083 [Worker-6] INFO  o.e.m.c.i.l.LifecycleMappingFactory - Using org.eclipse.m2e.jdt.JarLifecycleMapping lifecycle mapping for MavenProject: com.yijia360:pay-entity:1.0 @ C:\Users\win10\Desktop\新建文件夹\payment\pay-entity\pom.xml.
2018-02-11 11:14:34,233 [Worker-6] INFO  o.e.m.c.i.l.LifecycleMappingFactory - Using org.eclipse.m2e.jdt.JarLifecycleMapping lifecycle mapping for MavenProject: com.yijia360:pay-utils:1.0 @ C:\Users\win10\Desktop\新建文件夹\payment\pay-utils\pom.xml.
2018-02-11 11:14:34,571 [Worker-6] INFO  o.e.m.j.i.AbstractJavaProjectConfigurator - Adding source folder /pay-admin/src/main/java
2018-02-11 11:14:34,571 [Worker-6] INFO  o.e.m.j.i.AbstractJavaProjectConfigurator - Adding resource folder /pay-admin/src/main/resources
2018-02-11 11:14:34,576 [Worker-6] INFO  o.e.m.j.i.AbstractJavaProjectConfigurator - Adding resource folder /pay-admin/src/main/resources
2018-02-11 11:14:34,578 [Worker-6] INFO  o.e.m.j.i.AbstractJavaProjectConfigurator - Adding source folder /pay-admin/src/test/java
2018-02-11 11:14:34,581 [Worker-6] INFO  o.e.m.j.i.AbstractJavaProjectConfigurator - Adding resource folder /pay-admin/src/test/resources
2018-02-11 11:14:34,671 [Worker-6] INFO  o.e.m.j.i.AbstractJavaProjectConfigurator - Adding source folder /pay-api/src/main/java
2018-02-11 11:14:34,674 [Worker-6] INFO  o.e.m.j.i.AbstractJavaProjectConfigurator - Adding resource folder /pay-api/src/main/resources
2018-02-11 11:14:34,674 [Worker-6] INFO  o.e.m.j.i.AbstractJavaProjectConfigurator - Adding resource folder /pay-api/src/main/resources
2018-02-11 11:14:34,674 [Worker-6] INFO  o.e.m.j.i.AbstractJavaProjectConfigurator - Adding source folder /pay-api/src/test/java
2018-02-11 11:14:34,674 [Worker-6] INFO  o.e.m.j.i.AbstractJavaProjectConfigurator - Adding resource folder /pay-api/src/test/resources
2018-02-11 11:14:34,760 [Worker-6] INFO  o.e.m.j.i.AbstractJavaProjectConfigurator - Adding source folder /pay-core/src/main/java
2018-02-11 11:14:34,761 [Worker-6] INFO  o.e.m.j.i.AbstractJavaProjectConfigurator - Adding resource folder /pay-core/src/main/resources
2018-02-11 11:14:34,761 [Worker-6] INFO  o.e.m.j.i.AbstractJavaProjectConfigurator - Adding resource folder /pay-core/src/main/resources
2018-02-11 11:14:34,761 [Worker-6] INFO  o.e.m.j.i.AbstractJavaProjectConfigurator - Adding source folder /pay-core/src/test/java
2018-02-11 11:14:34,761 [Worker-6] INFO  o.e.m.j.i.AbstractJavaProjectConfigurator - Adding resource folder /pay-core/src/test/resources
2018-02-11 11:14:34,855 [Worker-6] INFO  o.e.m.j.i.AbstractJavaProjectConfigurator - Adding source folder /pay-entity/src/main/java
2018-02-11 11:14:34,855 [Worker-6] INFO  o.e.m.j.i.AbstractJavaProjectConfigurator - Adding resource folder /pay-entity/src/main/resources
2018-02-11 11:14:34,855 [Worker-6] INFO  o.e.m.j.i.AbstractJavaProjectConfigurator - Adding resource folder /pay-entity/src/main/resources
2018-02-11 11:14:34,855 [Worker-6] INFO  o.e.m.j.i.AbstractJavaProjectConfigurator - Adding source folder /pay-entity/src/test/java
2018-02-11 11:14:34,856 [Worker-6] INFO  o.e.m.j.i.AbstractJavaProjectConfigurator - Adding resource folder /pay-entity/src/test/resources
2018-02-11 11:14:34,966 [Worker-6] INFO  o.e.m.j.i.AbstractJavaProjectConfigurator - Adding source folder /pay-utils/src/main/java
2018-02-11 11:14:34,967 [Worker-6] INFO  o.e.m.j.i.AbstractJavaProjectConfigurator - Adding resource folder /pay-utils/src/main/resources
2018-02-11 11:14:34,967 [Worker-6] INFO  o.e.m.j.i.AbstractJavaProjectConfigurator - Adding resource folder /pay-utils/src/main/resources
2018-02-11 11:14:34,967 [Worker-6] INFO  o.e.m.j.i.AbstractJavaProjectConfigurator - Adding source folder /pay-utils/src/test/java
2018-02-11 11:14:34,967 [Worker-6] INFO  o.e.m.j.i.AbstractJavaProjectConfigurator - Adding resource folder /pay-utils/src/test/resources
2018-02-11 11:14:35,379 [Worker-6] INFO  o.e.m.c.i.p.ProjectConfigurationManager - Update completed: 2 sec
2018-02-11 11:14:36,022 [Worker-12] INFO  o.e.m.c.i.embedder.EclipseLogger - Using 'UTF-8' encoding to copy filtered resources.
2018-02-11 11:14:36,022 [Worker-12] INFO  o.e.m.c.i.embedder.EclipseLogger - Copying 0 resource
2018-02-11 11:14:36,022 [Worker-12] INFO  o.e.m.c.i.embedder.EclipseLogger - Copying 0 resource
2018-02-11 11:14:36,023 [Worker-12] INFO  o.e.m.c.i.embedder.EclipseLogger - Using 'UTF-8' encoding to copy filtered resources.
2018-02-11 11:14:36,024 [Worker-12] INFO  o.e.m.c.i.embedder.EclipseLogger - Copying 0 resource
2018-02-11 11:14:36,636 [Worker-12] INFO  o.e.m.c.i.embedder.EclipseLogger - Using 'UTF-8' encoding to copy filtered resources.
2018-02-11 11:14:36,636 [Worker-12] INFO  o.e.m.c.i.embedder.EclipseLogger - Copying 0 resource
2018-02-11 11:14:36,636 [Worker-12] INFO  o.e.m.c.i.embedder.EclipseLogger - Copying 0 resource
2018-02-11 11:14:36,637 [Worker-12] INFO  o.e.m.c.i.embedder.EclipseLogger - Using 'UTF-8' encoding to copy filtered resources.
2018-02-11 11:14:36,637 [Worker-12] INFO  o.e.m.c.i.embedder.EclipseLogger - Copying 0 resource
2018-02-11 11:14:37,139 [Worker-12] INFO  o.e.m.c.i.embedder.EclipseLogger - Using 'UTF-8' encoding to copy filtered resources.
2018-02-11 11:14:37,140 [Worker-12] INFO  o.e.m.c.i.embedder.EclipseLogger - Copying 0 resource
2018-02-11 11:14:37,140 [Worker-12] INFO  o.e.m.c.i.embedder.EclipseLogger - Copying 5 resources
2018-02-11 11:14:37,159 [Worker-12] INFO  o.e.m.c.i.embedder.EclipseLogger - Using 'UTF-8' encoding to copy filtered resources.
2018-02-11 11:14:37,159 [Worker-12] INFO  o.e.m.c.i.embedder.EclipseLogger - Copying 0 resource
2018-02-11 11:14:37,553 [Worker-12] INFO  o.e.m.c.i.embedder.EclipseLogger - Using 'UTF-8' encoding to copy filtered resources.
2018-02-11 11:14:37,556 [Worker-12] INFO  o.e.m.c.i.embedder.EclipseLogger - Copying 4 resources
2018-02-11 11:14:37,569 [Worker-12] INFO  o.e.m.c.i.embedder.EclipseLogger - Copying 1 resource
2018-02-11 11:14:37,573 [Worker-12] INFO  o.e.m.c.i.embedder.EclipseLogger - Using 'UTF-8' encoding to copy filtered resources.
2018-02-11 11:14:37,573 [Worker-12] INFO  o.e.m.c.i.embedder.EclipseLogger - Copying 0 resource
2018-02-11 11:14:37,887 [Worker-12] WARN  o.e.m.c.i.embedder.EclipseLogger - The POM for com.yijia360:authorization-entity:jar:1.0 is missing, no dependency information available
2018-02-11 11:14:37,934 [Worker-12] INFO  o.e.m.c.i.embedder.EclipseLogger - Using 'UTF-8' encoding to copy filtered resources.
2018-02-11 11:14:37,934 [Worker-12] INFO  o.e.m.c.i.embedder.EclipseLogger - Copying 5 resources
2018-02-11 11:14:37,947 [Worker-12] INFO  o.e.m.c.i.embedder.EclipseLogger - Copying 142 resources
2018-02-11 11:14:38,691 [Worker-12] INFO  o.e.m.c.i.embedder.EclipseLogger - Using 'UTF-8' encoding to copy filtered resources.
2018-02-11 11:14:38,692 [Worker-12] INFO  o.e.m.c.i.embedder.EclipseLogger - Copying 0 resource
2018-02-11 11:48:14,591 [Worker-28] INFO  o.e.m.c.i.embedder.EclipseLogger - Using 'UTF-8' encoding to copy filtered resources.
2018-02-11 11:48:14,593 [Worker-28] INFO  o.e.m.c.i.embedder.EclipseLogger - Copying 0 resource
2018-02-11 11:48:14,594 [Worker-28] INFO  o.e.m.c.i.embedder.EclipseLogger - Copying 5 resources
2018-02-11 11:48:14,595 [Worker-28] INFO  o.e.m.c.i.embedder.EclipseLogger - Using 'UTF-8' encoding to copy filtered resources.
2018-02-11 11:48:14,595 [Worker-28] INFO  o.e.m.c.i.embedder.EclipseLogger - Copying 0 resource
2018-02-11 11:49:08,520 [Worker-35] INFO  o.e.m.c.i.embedder.EclipseLogger - Using 'UTF-8' encoding to copy filtered resources.
2018-02-11 11:49:08,526 [Worker-35] INFO  o.e.m.c.i.embedder.EclipseLogger - Copying 0 resource
2018-02-11 11:49:08,526 [Worker-35] INFO  o.e.m.c.i.embedder.EclipseLogger - Copying 5 resources
2018-02-11 11:49:08,530 [Worker-35] INFO  o.e.m.c.i.embedder.EclipseLogger - Using 'UTF-8' encoding to copy filtered resources.
2018-02-11 11:49:08,531 [Worker-35] INFO  o.e.m.c.i.embedder.EclipseLogger - Copying 0 resource
2018-02-11 11:52:34,058 [Worker-28] INFO  o.e.m.c.i.embedder.EclipseLogger - Using 'UTF-8' encoding to copy filtered resources.
2018-02-11 11:52:34,059 [Worker-28] INFO  o.e.m.c.i.embedder.EclipseLogger - Copying 0 resource
2018-02-11 11:52:34,059 [Worker-28] INFO  o.e.m.c.i.embedder.EclipseLogger - Copying 5 resources
2018-02-11 11:52:34,061 [Worker-28] INFO  o.e.m.c.i.embedder.EclipseLogger - Using 'UTF-8' encoding to copy filtered resources.
2018-02-11 11:52:34,064 [Worker-28] INFO  o.e.m.c.i.embedder.EclipseLogger - Copying 0 resource
2018-02-11 11:52:47,203 [Worker-35] INFO  o.e.m.c.i.embedder.EclipseLogger - Using 'UTF-8' encoding to copy filtered resources.
2018-02-11 11:52:47,208 [Worker-35] INFO  o.e.m.c.i.embedder.EclipseLogger - Copying 0 resource
2018-02-11 11:52:47,214 [Worker-35] INFO  o.e.m.c.i.embedder.EclipseLogger - Copying 5 resources
2018-02-11 11:52:47,220 [Worker-35] INFO  o.e.m.c.i.embedder.EclipseLogger - Using 'UTF-8' encoding to copy filtered resources.
2018-02-11 11:52:47,221 [Worker-35] INFO  o.e.m.c.i.embedder.EclipseLogger - Copying 0 resource
2018-02-11 12:19:01,997 [Worker-42] INFO  o.e.m.c.i.embedder.EclipseLogger - Using 'UTF-8' encoding to copy filtered resources.
2018-02-11 12:19:01,998 [Worker-42] INFO  o.e.m.c.i.embedder.EclipseLogger - Copying 0 resource
2018-02-11 12:19:02,002 [Worker-42] INFO  o.e.m.c.i.embedder.EclipseLogger - Copying 5 resources
2018-02-11 12:19:02,006 [Worker-42] INFO  o.e.m.c.i.embedder.EclipseLogger - Using 'UTF-8' encoding to copy filtered resources.
2018-02-11 12:19:02,009 [Worker-42] INFO  o.e.m.c.i.embedder.EclipseLogger - Copying 0 resource
2018-02-11 12:19:05,889 [Worker-50] INFO  o.e.m.c.i.embedder.EclipseLogger - Using 'UTF-8' encoding to copy filtered resources.
2018-02-11 12:19:05,893 [Worker-50] INFO  o.e.m.c.i.embedder.EclipseLogger - Copying 0 resource
2018-02-11 12:19:05,896 [Worker-50] INFO  o.e.m.c.i.embedder.EclipseLogger - Copying 5 resources
2018-02-11 12:19:05,900 [Worker-50] INFO  o.e.m.c.i.embedder.EclipseLogger - Using 'UTF-8' encoding to copy filtered resources.
2018-02-11 12:19:05,900 [Worker-50] INFO  o.e.m.c.i.embedder.EclipseLogger - Copying 0 resource
2018-02-11 12:20:45,758 [Worker-47] INFO  o.e.m.c.i.embedder.EclipseLogger - Using 'UTF-8' encoding to copy filtered resources.
2018-02-11 12:20:45,759 [Worker-47] INFO  o.e.m.c.i.embedder.EclipseLogger - Copying 0 resource
2018-02-11 12:20:45,759 [Worker-47] INFO  o.e.m.c.i.embedder.EclipseLogger - Copying 5 resources
2018-02-11 12:20:45,761 [Worker-47] INFO  o.e.m.c.i.embedder.EclipseLogger - Using 'UTF-8' encoding to copy filtered resources.
2018-02-11 12:20:45,761 [Worker-47] INFO  o.e.m.c.i.embedder.EclipseLogger - Copying 0 resource
2018-02-11 12:20:57,222 [Worker-51] INFO  o.e.m.c.i.embedder.EclipseLogger - Using 'UTF-8' encoding to copy filtered resources.
2018-02-11 12:20:57,223 [Worker-51] INFO  o.e.m.c.i.embedder.EclipseLogger - Copying 0 resource
2018-02-11 12:20:57,224 [Worker-51] INFO  o.e.m.c.i.embedder.EclipseLogger - Copying 5 resources
2018-02-11 12:20:57,232 [Worker-51] INFO  o.e.m.c.i.embedder.EclipseLogger - Using 'UTF-8' encoding to copy filtered resources.
2018-02-11 12:20:57,232 [Worker-51] INFO  o.e.m.c.i.embedder.EclipseLogger - Copying 0 resource
2018-02-11 12:21:19,023 [Worker-47] INFO  o.e.m.c.i.embedder.EclipseLogger - Using 'UTF-8' encoding to copy filtered resources.
2018-02-11 12:21:19,025 [Worker-47] INFO  o.e.m.c.i.embedder.EclipseLogger - Copying 0 resource
2018-02-11 12:21:19,029 [Worker-47] INFO  o.e.m.c.i.embedder.EclipseLogger - Copying 5 resources
2018-02-11 12:21:19,034 [Worker-47] INFO  o.e.m.c.i.embedder.EclipseLogger - Using 'UTF-8' encoding to copy filtered resources.
2018-02-11 12:21:19,037 [Worker-47] INFO  o.e.m.c.i.embedder.EclipseLogger - Copying 0 resource
2018-02-11 12:21:43,879 [Worker-52] INFO  o.e.m.c.i.embedder.EclipseLogger - Using 'UTF-8' encoding to copy filtered resources.
2018-02-11 12:21:43,885 [Worker-52] INFO  o.e.m.c.i.embedder.EclipseLogger - Copying 0 resource
2018-02-11 12:21:43,890 [Worker-52] INFO  o.e.m.c.i.embedder.EclipseLogger - Copying 5 resources
2018-02-11 12:21:43,897 [Worker-52] INFO  o.e.m.c.i.embedder.EclipseLogger - Using 'UTF-8' encoding to copy filtered resources.
2018-02-11 12:21:43,897 [Worker-52] INFO  o.e.m.c.i.embedder.EclipseLogger - Copying 0 resource
2018-02-11 12:22:02,236 [Worker-50] INFO  o.e.m.c.i.embedder.EclipseLogger - Using 'UTF-8' encoding to copy filtered resources.
2018-02-11 12:22:02,237 [Worker-50] INFO  o.e.m.c.i.embedder.EclipseLogger - Copying 0 resource
2018-02-11 12:22:02,238 [Worker-50] INFO  o.e.m.c.i.embedder.EclipseLogger - Copying 5 resources
2018-02-11 12:22:02,241 [Worker-50] INFO  o.e.m.c.i.embedder.EclipseLogger - Using 'UTF-8' encoding to copy filtered resources.
2018-02-11 12:22:02,246 [Worker-50] INFO  o.e.m.c.i.embedder.EclipseLogger - Copying 0 resource
2018-02-11 12:22:29,685 [Worker-48] INFO  o.e.m.c.i.embedder.EclipseLogger - Using 'UTF-8' encoding to copy filtered resources.
2018-02-11 12:22:29,691 [Worker-48] INFO  o.e.m.c.i.embedder.EclipseLogger - Copying 0 resource
2018-02-11 12:22:29,697 [Worker-48] INFO  o.e.m.c.i.embedder.EclipseLogger - Copying 5 resources
2018-02-11 12:22:29,704 [Worker-48] INFO  o.e.m.c.i.embedder.EclipseLogger - Using 'UTF-8' encoding to copy filtered resources.
2018-02-11 12:22:29,705 [Worker-48] INFO  o.e.m.c.i.embedder.EclipseLogger - Copying 0 resource
2018-02-11 12:23:03,114 [Worker-54] INFO  o.e.m.c.i.embedder.EclipseLogger - Using 'UTF-8' encoding to copy filtered resources.
2018-02-11 12:23:03,114 [Worker-54] INFO  o.e.m.c.i.embedder.EclipseLogger - Copying 0 resource
2018-02-11 12:23:03,118 [Worker-54] INFO  o.e.m.c.i.embedder.EclipseLogger - Copying 5 resources
2018-02-11 12:23:03,122 [Worker-54] INFO  o.e.m.c.i.embedder.EclipseLogger - Using 'UTF-8' encoding to copy filtered resources.
2018-02-11 12:23:03,126 [Worker-54] INFO  o.e.m.c.i.embedder.EclipseLogger - Copying 0 resource
2018-02-11 12:23:14,671 [Worker-56] INFO  o.e.m.c.i.embedder.EclipseLogger - Using 'UTF-8' encoding to copy filtered resources.
2018-02-11 12:23:14,677 [Worker-56] INFO  o.e.m.c.i.embedder.EclipseLogger - Copying 0 resource
2018-02-11 12:23:14,683 [Worker-56] INFO  o.e.m.c.i.embedder.EclipseLogger - Copying 5 resources
2018-02-11 12:23:14,688 [Worker-56] INFO  o.e.m.c.i.embedder.EclipseLogger - Using 'UTF-8' encoding to copy filtered resources.
2018-02-11 12:23:14,688 [Worker-56] INFO  o.e.m.c.i.embedder.EclipseLogger - Copying 0 resource
2018-02-11 12:23:17,580 [Worker-53] INFO  o.e.m.c.i.embedder.EclipseLogger - Using 'UTF-8' encoding to copy filtered resources.
2018-02-11 12:23:17,580 [Worker-53] INFO  o.e.m.c.i.embedder.EclipseLogger - Copying 0 resource
2018-02-11 12:23:17,581 [Worker-53] INFO  o.e.m.c.i.embedder.EclipseLogger - Copying 5 resources
2018-02-11 12:23:17,582 [Worker-53] INFO  o.e.m.c.i.embedder.EclipseLogger - Using 'UTF-8' encoding to copy filtered resources.
2018-02-11 12:23:17,582 [Worker-53] INFO  o.e.m.c.i.embedder.EclipseLogger - Copying 0 resource
2018-02-11 12:24:27,377 [Worker-42] INFO  o.e.m.c.i.embedder.EclipseLogger - Using 'UTF-8' encoding to copy filtered resources.
2018-02-11 12:24:27,377 [Worker-42] INFO  o.e.m.c.i.embedder.EclipseLogger - Copying 0 resource
2018-02-11 12:24:27,378 [Worker-42] INFO  o.e.m.c.i.embedder.EclipseLogger - Copying 5 resources
2018-02-11 12:24:27,382 [Worker-42] INFO  o.e.m.c.i.embedder.EclipseLogger - Using 'UTF-8' encoding to copy filtered resources.
2018-02-11 12:24:27,382 [Worker-42] INFO  o.e.m.c.i.embedder.EclipseLogger - Copying 0 resource
2018-02-11 12:24:31,754 [Worker-53] INFO  o.e.m.c.i.embedder.EclipseLogger - Using 'UTF-8' encoding to copy filtered resources.
2018-02-11 12:24:31,755 [Worker-53] INFO  o.e.m.c.i.embedder.EclipseLogger - Copying 0 resource
2018-02-11 12:24:31,761 [Worker-53] INFO  o.e.m.c.i.embedder.EclipseLogger - Copying 5 resources
2018-02-11 12:24:31,767 [Worker-53] INFO  o.e.m.c.i.embedder.EclipseLogger - Using 'UTF-8' encoding to copy filtered resources.
2018-02-11 12:24:31,772 [Worker-53] INFO  o.e.m.c.i.embedder.EclipseLogger - Copying 0 resource
